[     139ms] [INFO] %cDownload the React DevTools for a better development experience: https://reactjs.org/link/react-devtools font-weight:bold @ http://localhost:5173/node_modules/.vite/deps/chunk-SVG7M4VJ.js?v=78152872:21606
[  317198ms] [LOG] [vite] server connection lost. Polling for restart... @ http://localhost:5173/@vite/client:963
[  557226ms] [ERROR] WebSocket connection to 'ws://localhost:5173/' failed:  @ http://localhost:5173/@vite/client:1034
[  798272ms] [ERROR] WebSocket connection to 'ws://localhost:5173/' failed:  @ http://localhost:5173/@vite/client:1034
[ 1039328ms] [ERROR] WebSocket connection to 'ws://localhost:5173/' failed:  @ http://localhost:5173/@vite/client:1034
[ 1280348ms] [ERROR] WebSocket connection to 'ws://localhost:5173/' failed:  @ http://localhost:5173/@vite/client:1034
[ 1521361ms] [ERROR] WebSocket connection to 'ws://localhost:5173/' failed:  @ http://localhost:5173/@vite/client:1034
[17364612ms] [ERROR] WebSocket connection to 'ws://localhost:5173/' failed:  @ http://localhost:5173/@vite/client:1034
[17605655ms] [ERROR] WebSocket connection to 'ws://localhost:5173/' failed:  @ http://localhost:5173/@vite/client:1034
[17846683ms] [ERROR] WebSocket connection to 'ws://localhost:5173/' failed:  @ http://localhost:5173/@vite/client:1034
[18087666ms] [ERROR] WebSocket connection to 'ws://localhost:5173/' failed:  @ http://localhost:5173/@vite/client:1034
[18328678ms] [ERROR] WebSocket connection to 'ws://localhost:5173/' failed:  @ http://localhost:5173/@vite/client:1034
[18569691ms] [ERROR] WebSocket connection to 'ws://localhost:5173/' failed:  @ http://localhost:5173/@vite/client:1034
[18810703ms] [ERROR] WebSocket connection to 'ws://localhost:5173/' failed:  @ http://localhost:5173/@vite/client:1034
[19051717ms] [ERROR] WebSocket connection to 'ws://localhost:5173/' failed:  @ http://localhost:5173/@vite/client:1034
[19292728ms] [ERROR] WebSocket connection to 'ws://localhost:5173/' failed:  @ http://localhost:5173/@vite/client:1034
[19533742ms] [ERROR] WebSocket connection to 'ws://localhost:5173/' failed:  @ http://localhost:5173/@vite/client:1034
[19774796ms] [ERROR] WebSocket connection to 'ws://localhost:5173/' failed:  @ http://localhost:5173/@vite/client:1034
[20015857ms] [ERROR] WebSocket connection to 'ws://localhost:5173/' failed:  @ http://localhost:5173/@vite/client:1034
[20256878ms] [ERROR] WebSocket connection to 'ws://localhost:5173/' failed:  @ http://localhost:5173/@vite/client:1034
[20497897ms] [ERROR] WebSocket connection to 'ws://localhost:5173/' failed:  @ http://localhost:5173/@vite/client:1034
[20738915ms] [ERROR] WebSocket connection to 'ws://localhost:5173/' failed:  @ http://localhost:5173/@vite/client:1034
[20979931ms] [ERROR] WebSocket connection to 'ws://localhost:5173/' failed:  @ http://localhost:5173/@vite/client:1034
[21220960ms] [ERROR] WebSocket connection to 'ws://localhost:5173/' failed:  @ http://localhost:5173/@vite/client:1034
[21625281ms] [ERROR] WebSocket connection to 'ws://localhost:5173/' failed:  @ http://localhost:5173/@vite/client:1034
[21866297ms] [ERROR] WebSocket connection to 'ws://localhost:5173/' failed:  @ http://localhost:5173/@vite/client:1034
[22107311ms] [ERROR] WebSocket connection to 'ws://localhost:5173/' failed:  @ http://localhost:5173/@vite/client:1034
